<?xml version="1.0" encoding="UTF-8"?>
<!-- Generated by org.testng.reporters.JUnitReportReporter -->
<testsuite hostname="alfred-1215N" name="com.masteringselenium.tests.test_joomla_login_frontend" tests="1" failures="0" timestamp="10 Dec 2017 20:18:10 GMT" time="68.181" errors="0">
  <testcase name="valid_login_into_frontend" time="68.181" classname="com.masteringselenium.tests.test_joomla_login_frontend"/>
</testsuite> <!-- com.masteringselenium.tests.test_joomla_login_frontend -->
